2015/03/14 15:06:39 にビルドを開始しました。
     1>ノード 2 上のプロジェクト "C:\Users\Tom\Desktop\Review etc\Mario_Copy\ChallengeBasic.vcxproj" (Build ターゲット)。
     1>ClCompile:
         C:\Program Files (x86)\Microsoft Visual Studio 12.0\VC\bin\CL.exe /c /ZI /nologo /W3 /WX- /Od /Oy- /D WIN32 /D _DEBUG /D _WINDOWS /D DEBUG /D _ITERATOR_DEBUG_LEVEL=0 /D PRODUCT_NAME=Mario_Copy /Gm- /EHsc /RTC1 /MDd /GS /fp:precise /Zc:wchar_t /Zc:forScope /Fo"Debug\\" /Fd"Debug\vc120.pdb" /Gd /TP /analyze- /errorReport:prompt src\origin\System\scene_manager.cpp src\origin\main.cpp
         scene_manager.cpp
         main.cpp
         コードを生成中...
       Link:
         C:\Program Files (x86)\Microsoft Visual Studio 12.0\VC\bin\link.exe /ERRORREPORT:PROMPT /OUT:"C:\Users\Tom\Desktop\Review etc\Mario_Copy\Mario_Copy.exe" /INCREMENTAL /NOLOGO kernel32.lib user32.lib gdi32.lib winspool.lib comdlg32.lib advapi32.lib shell32.lib ole32.lib oleaut32.lib uuid.lib odbc32.lib odbccp32.lib /MANIFEST /MANIFESTUAC:"level='asInvoker' uiAccess='false'" /manifest:embed /DEBUG /PDB:"C:\Users\Tom\Desktop\Review etc\Mario_Copy\Mario_Copy.pdb" /SUBSYSTEM:WINDOWS /TLBID:1 /ENTRY:"mainCRTStartup" /DYNAMICBASE /NXCOMPAT /IMPLIB:"C:\Users\Tom\Desktop\Review etc\Mario_Copy\Mario_Copy.lib" /MACHINE:X86 Debug\appEnv.obj
         Debug\audio.obj
         Debug\camera2D.obj
         Debug\fileUtil.obj
         Debug\font.obj
         Debug\gamePad.obj
         Debug\glExt.obj
         Debug\glfwWindow.obj
         Debug\glTexture.obj
         Debug\graph.obj
         Debug\matrix.obj
         Debug\os_win.obj
         Debug\png.obj
         Debug\random.obj
         Debug\texture.obj
         Debug\utils.obj
         Debug\wav.obj
         Debug\main.obj
         Debug\environment.obj
         Debug\scene_manager.obj
         ChallengeBasic.vcxproj -> C:\Users\Tom\Desktop\Review etc\Mario_Copy\Mario_Copy.exe
     1>プロジェクト "C:\Users\Tom\Desktop\Review etc\Mario_Copy\ChallengeBasic.vcxproj" (Build ターゲット) のビルドが完了しました。

ビルドに成功しました。

経過時間 00:00:02.38
